<?xml version="1.0" encoding="UTF-8"?>
<testng-results skipped="0" failed="0" ignored="0" total="1" passed="1">
  <reporter-output>
  </reporter-output>
  <suite name="Default suite" duration-ms="7934" started-at="2018-05-24T23:02:25Z" finished-at="2018-05-24T23:02:33Z">
    <groups>
    </groups>
    <test name="Default test" duration-ms="7934" started-at="2018-05-24T23:02:25Z" finished-at="2018-05-24T23:02:33Z">
      <class name="selenium.SuggestiveDropDownExercise">
        <test-method status="PASS" signature="setUp()[pri:0, instance:selenium.SuggestiveDropDownExercise@7823a2f9]" name="setUp" is-config="true" duration-ms="5597" started-at="2018-05-24T18:02:25Z" finished-at="2018-05-24T18:02:31Z">
          <reporter-output>
          </reporter-output>
        </test-method> <!-- setUp -->
        <test-method status="PASS" signature="test()[pri:0, instance:selenium.SuggestiveDropDownExercise@7823a2f9]" name="test" duration-ms="2303" started-at="2018-05-24T18:02:31Z" finished-at="2018-05-24T18:02:33Z">
          <reporter-output>
          </reporter-output>
        </test-method> <!-- test -->
      </class> <!-- selenium.SuggestiveDropDownExercise -->
    </test> <!-- Default test -->
  </suite> <!-- Default suite -->
</testng-results>
